<?xml version="1.0" encoding="UTF-8"?>
<testsuite name="DFATest" tests="4" skipped="0" failures="0" errors="0" timestamp="2016-10-12T16:33:17" hostname="in-surajitchongder.local" time="0.004">
  <properties/>
  <testcase name="shouldReturnFalseWhenAStringNotEndWithOne" classname="DFATest" time="0.003"/>
  <testcase name="shouldReturnTrueWhenAStringStartAndEndWithOne" classname="DFATest" time="0.0"/>
  <testcase name="shouldReturnFalseWhenAStringNotInThatLanguage" classname="DFATest" time="0.0"/>
  <testcase name="shouldReturnTrueWhenAStringInThatLanguage" classname="DFATest" time="0.0"/>
  <system-out><![CDATA[]]></system-out>
  <system-err><![CDATA[]]></system-err>
</testsuite>
