<?xml version="1.0" encoding="UTF-8"?>
<testsuite name="DFATupleGeneratorTest" tests="5" skipped="0" failures="0" errors="0" timestamp="2016-10-12T16:33:17" hostname="in-surajitchongder.local" time="0.009">
  <properties/>
  <testcase name="shouldReturnInitialState" classname="DFATupleGeneratorTest" time="0.006"/>
  <testcase name="shouldReturnAlphabetsOfDfa" classname="DFATupleGeneratorTest" time="0.001"/>
  <testcase name="shouldReturnTransitionsOfDfa" classname="DFATupleGeneratorTest" time="0.001"/>
  <testcase name="shouldReturnStatesOfDfa" classname="DFATupleGeneratorTest" time="0.001"/>
  <testcase name="shouldReturnFinalStatesOfDfa" classname="DFATupleGeneratorTest" time="0.0"/>
  <system-out><![CDATA[]]></system-out>
  <system-err><![CDATA[]]></system-err>
</testsuite>
